/*C21*/SET SCHEMA PUBLIC
CREATE CACHED TABLE IF NOT EXISTS message ( id VARCHAR(38) PRIMARY KEY, date_time TIMESTAMP, message_type VARCHAR(10) )
CREATE CACHED TABLE IF NOT EXISTS message_data ( id VARCHAR(38), name VARCHAR(20), value VARCHAR(255), CONSTRAINT pk_message_data PRIMARY KEY (id, name), CONSTRAINT fk_message_id FOREIGN KEY (id) REFERENCES message (id) ON DELETE CASCADE )
CREATE CACHED TABLE IF NOT EXISTS email_message ( id VARCHAR(38) PRIMARY KEY, date_time TIMESTAMP, message_type VARCHAR(10), address_from VARCHAR(120), address_to VARCHAR(120), address_copy VARCHAR(120), address_bcc VARCHAR(120), subject VARCHAR(255), text_body VARCHAR(4000) )
CREATE CACHED TABLE IF NOT EXISTS backup_email_message ( id VARCHAR(38) PRIMARY KEY, date_time TIMESTAMP, message_type VARCHAR(10), address_from VARCHAR(120), address_to VARCHAR(120), address_copy VARCHAR(120), address_bcc VARCHAR(120), subject VARCHAR(255), text_body VARCHAR(4000), sent TIMESTAMP )
CREATE CACHED TABLE IF NOT EXISTS backup_message_data ( id VARCHAR(38), name VARCHAR(20), value VARCHAR(255), CONSTRAINT pk_backup_message_data PRIMARY KEY (id, name) )
DISCONNECT
/*C20*/SET SCHEMA PUBLIC
DISCONNECT
/*C19*/SET SCHEMA PUBLIC
DISCONNECT
/*C18*/SET SCHEMA PUBLIC
DISCONNECT
/*C17*/SET SCHEMA PUBLIC
DISCONNECT
/*C16*/SET SCHEMA PUBLIC
DISCONNECT
/*C15*/SET SCHEMA PUBLIC
DISCONNECT
/*C14*/SET SCHEMA PUBLIC
DISCONNECT
/*C13*/SET SCHEMA PUBLIC
DISCONNECT
/*C12*/SET SCHEMA PUBLIC
DISCONNECT
