2017-12-18 00:50:04.572  INFO 3672 --- [main] ru.h562.smallsite.SmallSiteApplication   : Starting SmallSiteApplication v0.0.4 on msi with PID 3672 (/mnt/hdd/pavel/projects/small-site-demo/target/small-site-demo-0.0.4.jar started by pavel in /mnt/hdd/pavel/projects/small-site-demo)
2017-12-18 00:50:04.575  INFO 3672 --- [main] ru.h562.smallsite.SmallSiteApplication   : The following profiles are active: dev
2017-12-18 00:50:04.803  INFO 3672 --- [main] ationConfigEmbeddedWebApplicationContext : Refreshing org.springframework.boot.context.embedded.AnnotationConfigEmbeddedWebApplicationContext@1ed6993a: startup date [Mon Dec 18 00:50:04 MSK 2017]; root of context hierarchy
2017-12-18 00:50:05.937  INFO 3672 --- [main] s.b.c.e.t.TomcatEmbeddedServletContainer : Tomcat initialized with port(s): 8080 (http)
2017-12-18 00:50:05.947  INFO 3672 --- [main] o.apache.catalina.core.StandardService   : Starting service [Tomcat]
2017-12-18 00:50:05.948  INFO 3672 --- [main] org.apache.catalina.core.StandardEngine  : Starting Servlet Engine: Apache Tomcat/8.5.23
2017-12-18 00:50:06.012  INFO 3672 --- [localhost-startStop-1] o.a.c.c.C.[Tomcat].[localhost].[/]       : Initializing Spring embedded WebApplicationContext
2017-12-18 00:50:06.012  INFO 3672 --- [localhost-startStop-1] o.s.web.context.ContextLoader            : Root WebApplicationContext: initialization completed in 1211 ms
2017-12-18 00:50:06.117  INFO 3672 --- [localhost-startStop-1] o.s.b.w.servlet.ServletRegistrationBean  : Mapping servlet: 'dispatcherServlet' to [/]
2017-12-18 00:50:06.120  INFO 3672 --- [localhost-startStop-1] o.s.b.w.servlet.FilterRegistrationBean   : Mapping filter: 'characterEncodingFilter' to: [/*]
2017-12-18 00:50:06.121  INFO 3672 --- [localhost-startStop-1] o.s.b.w.servlet.FilterRegistrationBean   : Mapping filter: 'hiddenHttpMethodFilter' to: [/*]
2017-12-18 00:50:06.121  INFO 3672 --- [localhost-startStop-1] o.s.b.w.servlet.FilterRegistrationBean   : Mapping filter: 'httpPutFormContentFilter' to: [/*]
2017-12-18 00:50:06.121  INFO 3672 --- [localhost-startStop-1] o.s.b.w.servlet.FilterRegistrationBean   : Mapping filter: 'requestContextFilter' to: [/*]
2017-12-18 00:50:06.538  INFO 3672 --- [main] hsqldb.db.HSQLDB60665F4BB0.ENGINE        : checkpointClose start
2017-12-18 00:50:06.538  INFO 3672 --- [main] hsqldb.db.HSQLDB60665F4BB0.ENGINE        : checkpointClose synched
2017-12-18 00:50:06.544  INFO 3672 --- [main] hsqldb.db.HSQLDB60665F4BB0.ENGINE        : dataFileCache open start
2017-12-18 00:50:06.549  INFO 3672 --- [main] hsqldb.db.HSQLDB60665F4BB0.ENGINE        : dataFileCache open end
2017-12-18 00:50:06.583  INFO 3672 --- [main] hsqldb.db.HSQLDB60665F4BB0.ENGINE        : checkpointClose script done
2017-12-18 00:50:06.583  INFO 3672 --- [main] hsqldb.db.HSQLDB60665F4BB0.ENGINE        : dataFileCache commit start
2017-12-18 00:50:06.601  INFO 3672 --- [main] hsqldb.db.HSQLDB60665F4BB0.ENGINE        : dataFileCache commit end
2017-12-18 00:50:06.627  INFO 3672 --- [main] hsqldb.db.HSQLDB60665F4BB0.ENGINE        : checkpointClose end
2017-12-18 00:50:06.636  INFO 3672 --- [main] o.s.jdbc.datasource.init.ScriptUtils     : Executing SQL script from URL [jar:file:/mnt/hdd/pavel/projects/small-site-demo/target/small-site-demo-0.0.4.jar!/BOOT-INF/classes!/schema.sql]
2017-12-18 00:50:06.702  INFO 3672 --- [main] o.s.jdbc.datasource.init.ScriptUtils     : Executed SQL script from URL [jar:file:/mnt/hdd/pavel/projects/small-site-demo/target/small-site-demo-0.0.4.jar!/BOOT-INF/classes!/schema.sql] in 66 ms.
2017-12-18 00:50:07.272  INFO 3672 --- [main] s.w.s.m.m.a.RequestMappingHandlerAdapter : Looking for @ControllerAdvice: org.springframework.boot.context.embedded.AnnotationConfigEmbeddedWebApplicationContext@1ed6993a: startup date [Mon Dec 18 00:50:04 MSK 2017]; root of context hierarchy
2017-12-18 00:50:07.330  INFO 3672 --- [main] s.w.s.m.m.a.RequestMappingHandlerMapping : Mapped "{[/message],methods=[GET]}" onto public java.lang.String ru.h562.smallsite.controller.GetMessageController.getMessageForm()
2017-12-18 00:50:07.331  INFO 3672 --- [main] s.w.s.m.m.a.RequestMappingHandlerMapping : Mapped "{[/email],methods=[GET]}" onto public java.lang.String ru.h562.smallsite.controller.GetMessageController.getChatForm()
2017-12-18 00:50:07.331  INFO 3672 --- [main] s.w.s.m.m.a.RequestMappingHandlerMapping : Mapped "{[/order],methods=[GET]}" onto public java.lang.String ru.h562.smallsite.controller.GetMessageController.getOrderForm(java.lang.String,org.springframework.ui.Model)
2017-12-18 00:50:07.331  INFO 3672 --- [main] s.w.s.m.m.a.RequestMappingHandlerMapping : Mapped "{[/phone],methods=[GET]}" onto public java.lang.String ru.h562.smallsite.controller.GetMessageController.getPhoneForm(java.lang.String,org.springframework.ui.Model)
2017-12-18 00:50:07.331  INFO 3672 --- [main] s.w.s.m.m.a.RequestMappingHandlerMapping : Mapped "{[/success_payment],methods=[GET]}" onto public java.lang.String ru.h562.smallsite.controller.GetMessageController.successPayment(org.springframework.web.servlet.mvc.support.RedirectAttributes)
2017-12-18 00:50:07.335  INFO 3672 --- [main] s.w.s.m.m.a.RequestMappingHandlerMapping : Mapped "{[/message],methods=[POST]}" onto public java.lang.String ru.h562.smallsite.controller.PostMessageController.postMessageForm(java.lang.String,java.lang.String,org.springframework.web.servlet.mvc.support.RedirectAttributes)
2017-12-18 00:50:07.336  INFO 3672 --- [main] s.w.s.m.m.a.RequestMappingHandlerMapping : Mapped "{[/email],methods=[POST]}" onto public java.lang.String ru.h562.smallsite.controller.PostMessageController.postChatForm(java.lang.String,java.lang.String,java.lang.String,org.springframework.web.servlet.mvc.support.RedirectAttributes)
2017-12-18 00:50:07.336  INFO 3672 --- [main] s.w.s.m.m.a.RequestMappingHandlerMapping : Mapped "{[/order],methods=[POST]}" onto public java.lang.String ru.h562.smallsite.controller.PostMessageController.postOrderForm(java.lang.String,java.lang.String,java.lang.String,java.lang.String,java.lang.String,org.springframework.web.servlet.mvc.support.RedirectAttributes)
2017-12-18 00:50:07.337  INFO 3672 --- [main] s.w.s.m.m.a.RequestMappingHandlerMapping : Mapped "{[/success_payment],methods=[POST]}" onto public java.lang.String ru.h562.smallsite.controller.PostMessageController.successPayment(java.lang.String,java.lang.String,java.lang.String,java.lang.String,java.lang.String,java.lang.String,java.lang.String,java.lang.String,java.lang.String,java.lang.String,java.lang.String)
2017-12-18 00:50:07.337  INFO 3672 --- [main] s.w.s.m.m.a.RequestMappingHandlerMapping : Mapped "{[/phone],methods=[POST]}" onto public java.lang.String ru.h562.smallsite.controller.PostMessageController.postPhoneForm(java.lang.String,java.lang.String,java.lang.String,java.lang.String,org.springframework.web.servlet.mvc.support.RedirectAttributes)
2017-12-18 00:50:07.341  INFO 3672 --- [main] s.w.s.m.m.a.RequestMappingHandlerMapping : Mapped "{[/clean_general]}" onto public java.lang.String ru.h562.smallsite.controller.PageController.clearnGeneral(org.springframework.ui.Model)
2017-12-18 00:50:07.341  INFO 3672 --- [main] s.w.s.m.m.a.RequestMappingHandlerMapping : Mapped "{[/clean_repair]}" onto public java.lang.String ru.h562.smallsite.controller.PageController.clearnRepair(org.springframework.ui.Model)
2017-12-18 00:50:07.341  INFO 3672 --- [main] s.w.s.m.m.a.RequestMappingHandlerMapping : Mapped "{[/clean_support]}" onto public java.lang.String ru.h562.smallsite.controller.PageController.clearnSupport()
2017-12-18 00:50:07.343  INFO 3672 --- [main] s.w.s.m.m.a.RequestMappingHandlerMapping : Mapped "{[/clean_windows]}" onto public java.lang.String ru.h562.smallsite.controller.PageController.clearnWindows(org.springframework.ui.Model)
2017-12-18 00:50:07.343  INFO 3672 --- [main] s.w.s.m.m.a.RequestMappingHandlerMapping : Mapped "{[/about]}" onto public java.lang.String ru.h562.smallsite.controller.PageController.about()
2017-12-18 00:50:07.343  INFO 3672 --- [main] s.w.s.m.m.a.RequestMappingHandlerMapping : Mapped "{[/payment]}" onto public java.lang.String ru.h562.smallsite.controller.PageController.payment(org.springframework.ui.Model)
2017-12-18 00:50:07.344  INFO 3672 --- [main] s.w.s.m.m.a.RequestMappingHandlerMapping : Mapped "{[/]}" onto public java.lang.String ru.h562.smallsite.controller.PageController.home()
2017-12-18 00:50:07.348  INFO 3672 --- [main] s.w.s.m.m.a.RequestMappingHandlerMapping : Mapped "{[/error],produces=[text/html]}" onto public org.springframework.web.servlet.ModelAndView org.springframework.boot.autoconfigure.web.BasicErrorController.errorHtml(javax.servlet.http.HttpServletRequest,javax.servlet.http.HttpServletResponse)
2017-12-18 00:50:07.348  INFO 3672 --- [main] s.w.s.m.m.a.RequestMappingHandlerMapping : Mapped "{[/error]}" onto public org.springframework.http.ResponseEntity<java.util.Map<java.lang.String, java.lang.Object>> org.springframework.boot.autoconfigure.web.BasicErrorController.error(javax.servlet.http.HttpServletRequest)
2017-12-18 00:50:07.372  INFO 3672 --- [main] o.s.w.s.handler.SimpleUrlHandlerMapping  : Mapped URL path [/webjars/**] onto handler of type [class org.springframework.web.servlet.resource.ResourceHttpRequestHandler]
2017-12-18 00:50:07.372  INFO 3672 --- [main] o.s.w.s.handler.SimpleUrlHandlerMapping  : Mapped URL path [/**] onto handler of type [class org.springframework.web.servlet.resource.ResourceHttpRequestHandler]
2017-12-18 00:50:07.415  INFO 3672 --- [main] o.s.w.s.handler.SimpleUrlHandlerMapping  : Mapped URL path [/**/favicon.ico] onto handler of type [class org.springframework.web.servlet.resource.ResourceHttpRequestHandler]
2017-12-18 00:50:07.597  INFO 3672 --- [main] o.s.j.e.a.AnnotationMBeanExporter        : Registering beans for JMX exposure on startup
2017-12-18 00:50:07.606  INFO 3672 --- [main] s.a.ScheduledAnnotationBeanPostProcessor : No TaskScheduler/ScheduledExecutorService bean found for scheduled processing
2017-12-18 00:50:07.652  INFO 3672 --- [main] s.b.c.e.t.TomcatEmbeddedServletContainer : Tomcat started on port(s): 8080 (http)
2017-12-18 00:50:07.655  INFO 3672 --- [main] ru.h562.smallsite.SmallSiteApplication   : Started SmallSiteApplication in 3.362 seconds (JVM running for 3.635)
2017-12-18 00:50:13.473  INFO 3672 --- [http-nio-8080-exec-1] o.a.c.c.C.[Tomcat].[localhost].[/]       : Initializing Spring FrameworkServlet 'dispatcherServlet'
2017-12-18 00:50:13.473  INFO 3672 --- [http-nio-8080-exec-1] o.s.web.servlet.DispatcherServlet        : FrameworkServlet 'dispatcherServlet': initialization started
2017-12-18 00:50:13.484  INFO 3672 --- [http-nio-8080-exec-1] o.s.web.servlet.DispatcherServlet        : FrameworkServlet 'dispatcherServlet': initialization completed in 10 ms
2017-12-18 00:50:32.522  INFO 3672 --- [Thread-5] ationConfigEmbeddedWebApplicationContext : Closing org.springframework.boot.context.embedded.AnnotationConfigEmbeddedWebApplicationContext@1ed6993a: startup date [Mon Dec 18 00:50:04 MSK 2017]; root of context hierarchy
2017-12-18 00:50:32.524  INFO 3672 --- [Thread-5] o.s.j.e.a.AnnotationMBeanExporter        : Unregistering JMX-exposed beans on shutdown
